#
# There is insufficient memory for the Java Runtime Environment to continue.
# Native memory allocation (malloc) failed to allocate 1357344 bytes for Chunk::new
# Possible reasons:
#   The system is out of physical RAM or swap space
#   In 32 bit mode, the process size limit was hit
# Possible solutions:
#   Reduce memory load on the system
#   Increase physical memory or swap space
#   Check if swap backing store is full
#   Use 64 bit Java on a 64 bit OS
#   Decrease Java heap size (-Xmx/-Xms)
#   Decrease number of Java threads
#   Decrease Java thread stack sizes (-Xss)
#   Set larger code cache with -XX:ReservedCodeCacheSize=
# This output file may be truncated or incomplete.
#
#  Out of Memory Error (allocation.cpp:390), pid=9436, tid=0x00000000000025f0
#
# JRE version: Java(TM) SE Runtime Environment (8.0_191-b12) (build 1.8.0_191-b12)
# Java VM: Java HotSpot(TM) 64-Bit Server VM (25.191-b12 mixed mode windows-amd64 compressed oops)
# Failed to write core dump. Minidumps are not enabled by default on client versions of Windows
#

---------------  T H R E A D  ---------------

Current thread (0x00000000141e3800):  JavaThread "C2 CompilerThread0" daemon [_thread_in_native, id=9712, stack(0x0000000015210000,0x0000000015310000)]

Stack: [0x0000000015210000,0x0000000015310000]
[error occurred during error reporting (printing stack bounds), id 0xc0000005]

Native frames: (J=compiled Java code, j=interpreted, Vv=VM code, C=native code)


Current CompileTask:
C2:   4285  511   !   4       sun.awt.image.PNGImageDecoder::produceImage (1916 bytes)


---------------  P R O C E S S  ---------------

Java Threads: ( => current thread )
  0x00000000168c0000 JavaThread "Image Fetcher 1" daemon [_thread_blocked, id=9752, stack(0x0000000018e80000,0x0000000018f80000)]
  0x00000000167b6000 JavaThread "Image Fetcher 0" daemon [_thread_blocked, id=9400, stack(0x0000000018d80000,0x0000000018e80000)]
  0x0000000002002800 JavaThread "DestroyJavaVM" [_thread_blocked, id=9516, stack(0x0000000001bc0000,0x0000000001cc0000)]
  0x00000000159ea800 JavaThread "AWT-EventQueue-0" [_thread_in_native, id=9680, stack(0x0000000016f60000,0x0000000017060000)]
  0x000000001595a800 JavaThread "AWT-Windows" daemon [_thread_in_native, id=9688, stack(0x0000000016010000,0x0000000016110000)]
  0x00000000159cb800 JavaThread "AWT-Shutdown" [_thread_blocked, id=9684, stack(0x0000000015f10000,0x0000000016010000)]
  0x00000000159ca800 JavaThread "Java2D Disposer" daemon [_thread_blocked, id=9692, stack(0x0000000015e10000,0x0000000015f10000)]
  0x00000000141ef000 JavaThread "Service Thread" daemon [_thread_blocked, id=9700, stack(0x0000000015410000,0x0000000015510000)]
  0x00000000141e7000 JavaThread "C1 CompilerThread1" daemon [_thread_blocked, id=9720, stack(0x0000000015310000,0x0000000015410000)]
=>0x00000000141e3800 JavaThread "C2 CompilerThread0" daemon [_thread_in_native, id=9712, stack(0x0000000015210000,0x0000000015310000)]
  0x00000000141e2800 JavaThread "Attach Listener" daemon [_thread_blocked, id=9708, stack(0x0000000015110000,0x0000000015210000)]
  0x00000000141df000 JavaThread "Signal Dispatcher" daemon [_thread_blocked, id=8712, stack(0x0000000015010000,0x0000000015110000)]
  0x00000000020f9000 JavaThread "Finalizer" daemon [_thread_blocked, id=7456, stack(0x0000000014e10000,0x0000000014f10000)]
  0x00000000020ed000 JavaThread "Reference Handler" daemon [_thread_blocked, id=8428, stack(0x0000000014d10000,0x0000000014e10000)]

Other Threads:
  0x00000000141a6000 VMThread [stack: 0x0000000014c10000,0x0000000014d10000] [id=8396]
  0x000000001425f800 WatcherThread [stack: 0x0000000015510000,0x0000000015610000] [id=9704]

VM state:not at safepoint (normal execution)

VM Mutex/Monitor currently owned by a thread: None

Heap:
 PSYoungGen      total 17408K, used 11032K [0x00000000ecc00000, 0x00000000edf00000, 0x0000000100000000)
  eden space 15360K, 71% used [0x00000000ecc00000,0x00000000ed6c6320,0x00000000edb00000)
  from space 2048K, 0% used [0x00000000edd00000,0x00000000edd00000,0x00000000edf00000)
  to   space 2048K, 0% used [0x00000000edb00000,0x00000000edb00000,0x00000000edd00000)
 ParOldGen       total 39936K, used 0K [0x00000000c6400000, 0x00000000c8b00000, 0x00000000ecc00000)
  object space 39936K, 0% used [0x00000000c6400000,0x00000000c6400000,0x00000000c8b00000)
 Metaspace       used 12206K, capacity 12460K, committed 12800K, reserved 1060864K
  class space    used 1584K, capacity 1676K, committed 1792K, reserved 1048576K

Card table byte_map: [0x00000000114c0000,0x0000000011690000] byte_map_base: 0x0000000010e8e000

Marking Bits: (ParMarkBitMap*) 0x0000000065143e30
 Begin Bits: [0x00000000119d0000, 0x0000000012840000)
 End Bits:   [0x0000000012840000, 0x00000000136b0000)

Polling page: 0x0000000001b90000

CodeCache: size=245760Kb used=2587Kb max_used=2587Kb free=243172Kb
 bounds [0x0000000002100000, 0x0000000002390000, 0x0000000011100000]
 total_blobs=1081 nmethods=599 adapters=396
 compilation: enabled

Compilation events (10 events):
Event: 4.081 Thread 0x00000000141e7000  599       3       java.nio.Buffer::limit (62 bytes)
Event: 4.082 Thread 0x00000000141e7000 nmethod 599 0x0000000002384390 code [0x0000000002384500, 0x0000000002384808]
Event: 4.211 Thread 0x00000000141e7000  601       1       java.nio.Buffer::capacity (5 bytes)
Event: 4.212 Thread 0x00000000141e7000 nmethod 601 0x0000000002384c50 code [0x0000000002384da0, 0x0000000002384eb0]
Event: 4.258 Thread 0x00000000141e7000  602       3       java.nio.Buffer::<init> (121 bytes)
Event: 4.261 Thread 0x00000000141e7000 nmethod 602 0x0000000002384f10 code [0x00000000023851e0, 0x0000000002386668]
Event: 4.261 Thread 0x00000000141e7000  603       3       java.lang.Thread::isInterrupted (6 bytes)
Event: 4.262 Thread 0x00000000141e7000 nmethod 603 0x0000000002386fd0 code [0x0000000002387140, 0x00000000023872c8]
Event: 4.262 Thread 0x00000000141e7000  604       3       java.nio.Buffer::flip (20 bytes)
Event: 4.263 Thread 0x00000000141e7000 nmethod 604 0x0000000002387350 code [0x00000000023874a0, 0x0000000002387610]

GC Heap History (0 events):
No events

Deoptimization events (2 events):
Event: 1.158 Thread 0x0000000002002800 Uncommon trap: reason=null_check action=make_not_entrant pc=0x000000000227cda0 method=java.lang.String.equals(Ljava/lang/Object;)Z @ 8
Event: 3.554 Thread 0x000000001595a800 Uncommon trap: reason=unstable_if action=reinterpret pc=0x00000000022f3030 method=java.util.HashMap.putVal(ILjava/lang/Object;Ljava/lang/Object;ZZ)Ljava/lang/Object; @ 206

Classes redefined (0 events):
No events

Internal exceptions (10 events):
Event: 1.424 Thread 0x0000000002002800 Exception <a 'java/lang/ClassNotFoundException': ToolBar> (0x00000000ecf5fa28) thrown at [C:\re\workspace\8-2-build-windows-amd64-cygwin\jdk8u191\11896\hotspot\src\share\vm\classfile\systemDictionary.cpp, line 210]
Event: 1.424 Thread 0x0000000002002800 Exception <a 'java/lang/ClassNotFoundException': ToggleButton> (0x00000000ecf5ffd8) thrown at [C:\re\workspace\8-2-build-windows-amd64-cygwin\jdk8u191\11896\hotspot\src\share\vm\classfile\systemDictionary.cpp, line 210]
Event: 1.424 Thread 0x0000000002002800 Exception <a 'java/lang/ClassNotFoundException': javax/swing/JToolBarSeparator> (0x00000000ecf60438) thrown at [C:\re\workspace\8-2-build-windows-amd64-cygwin\jdk8u191\11896\hotspot\src\share\vm\classfile\systemDictionary.cpp, line 210]
Event: 1.424 Thread 0x0000000002002800 Exception <a 'java/lang/ClassNotFoundException': ToolBarSeparator> (0x00000000ecf608d0) thrown at [C:\re\workspace\8-2-build-windows-amd64-cygwin\jdk8u191\11896\hotspot\src\share\vm\classfile\systemDictionary.cpp, line 210]
Event: 1.425 Thread 0x0000000002002800 Exception <a 'java/lang/ClassNotFoundException': ToolTip> (0x00000000ecf61010) thrown at [C:\re\workspace\8-2-build-windows-amd64-cygwin\jdk8u191\11896\hotspot\src\share\vm\classfile\systemDictionary.cpp, line 210]
Event: 1.431 Thread 0x0000000002002800 Exception <a 'java/lang/ClassNotFoundException': Tree> (0x00000000ecf61c30) thrown at [C:\re\workspace\8-2-build-windows-amd64-cygwin\jdk8u191\11896\hotspot\src\share\vm\classfile\systemDictionary.cpp, line 210]
Event: 1.431 Thread 0x0000000002002800 Exception <a 'java/lang/ClassNotFoundException': Tree> (0x00000000ecf62370) thrown at [C:\re\workspace\8-2-build-windows-amd64-cygwin\jdk8u191\11896\hotspot\src\share\vm\classfile\systemDictionary.cpp, line 210]
Event: 1.432 Thread 0x0000000002002800 Exception <a 'java/lang/ClassNotFoundException': javax/swing/JTreeCell> (0x00000000ecf626f0) thrown at [C:\re\workspace\8-2-build-windows-amd64-cygwin\jdk8u191\11896\hotspot\src\share\vm\classfile\systemDictionary.cpp, line 210]
Event: 1.432 Thread 0x0000000002002800 Exception <a 'java/lang/ClassNotFoundException': TreeCell> (0x00000000ecf62b78) thrown at [C:\re\workspace\8-2-build-windows-amd64-cygwin\jdk8u191\11896\hotspot\src\share\vm\classfile\systemDictionary.cpp, line 210]
Event: 1.434 Thread 0x0000000002002800 Exception <a 'java/lang/ClassNotFoundException': RootPane> (0x00000000ecf635d8) thrown at [C:\re\workspace\8-2-build-windows-amd64-cygwin\jdk8u191\11896\hotspot\src\share\vm\classfile\systemDictionary.cpp, line 210]

Events (10 events):
Event: 3.879 loading class sun/font/StrikeCache$DisposableStrike done
Event: 3.880 loading class sun/font/StrikeCache$SoftDisposerRef done
Event: 3.881 loading class sun/font/FontDesignMetrics$KeyReference
Event: 3.881 loading class sun/font/FontDesignMetrics$KeyReference done
Event: 3.911 loading class java/util/concurrent/ConcurrentHashMap$KeyIterator
Event: 3.912 loading class java/util/concurrent/ConcurrentHashMap$BaseIterator
Event: 3.912 loading class java/util/concurrent/ConcurrentHashMap$Traverser
Event: 3.912 loading class java/util/concurrent/ConcurrentHashMap$Traverser done
Event: 3.912 loading class java/util/concurrent/ConcurrentHashMap$BaseIterator done
Event: 3.912 loading class java/util/concurrent/ConcurrentHashMap$KeyIterator done


Dynamic libraries:
0x000007f7a7f40000 - 0x000007f7a7f77000 	C:\Program Files\Java\jdk1.8.0_191\bin\java.exe
0x000007f915620000 - 0x000007f9157dd000 	C:\Windows\SYSTEM32\ntdll.dll
0x000007f912d80000 - 0x000007f912eb7000 	C:\Windows\system32\KERNEL32.DLL
0x000007f912910000 - 0x000007f912a04000 	C:\Windows\system32\KERNELBASE.dll
0x000007f914fe0000 - 0x000007f9150be000 	C:\Windows\system32\ADVAPI32.dll
0x000007f9133f0000 - 0x000007f91353c000 	C:\Windows\system32\USER32.dll
0x000007f910ab0000 - 0x000007f910d1a000 	C:\Windows\WinSxS\amd64_microsoft.windows.common-controls_6595b64144ccf1df_6.0.9200.17359_none_4188b989718cf1c6\COMCTL32.dll
0x000007f915130000 - 0x000007f9151d5000 	C:\Windows\system32\msvcrt.dll
0x000007f915200000 - 0x000007f915248000 	C:\Windows\SYSTEM32\sechost.dll
0x000007f913290000 - 0x000007f9133d5000 	C:\Windows\system32\RPCRT4.dll
0x000007f912bd0000 - 0x000007f912d11000 	C:\Windows\system32\GDI32.dll
0x000007f913240000 - 0x000007f913279000 	C:\Windows\system32\IMM32.DLL
0x000007f915430000 - 0x000007f915546000 	C:\Windows\system32\MSCTF.dll
0x0000000064840000 - 0x0000000064912000 	C:\Program Files\Java\jdk1.8.0_191\jre\bin\msvcr100.dll
0x0000000064920000 - 0x00000000651c4000 	C:\Program Files\Java\jdk1.8.0_191\jre\bin\server\jvm.dll
0x000007f904f30000 - 0x000007f904f39000 	C:\Windows\SYSTEM32\WSOCK32.dll
0x000007f90e080000 - 0x000007f90e0a0000 	C:\Windows\SYSTEM32\WINMM.dll
0x000007f90f5c0000 - 0x000007f90f5c9000 	C:\Windows\SYSTEM32\VERSION.dll
0x000007f915420000 - 0x000007f915427000 	C:\Windows\system32\PSAPI.DLL
0x000007f914f70000 - 0x000007f914fc8000 	C:\Windows\system32\WS2_32.dll
0x000007f90e040000 - 0x000007f90e073000 	C:\Windows\SYSTEM32\WINMMBASE.dll
0x000007f913280000 - 0x000007f913289000 	C:\Windows\system32\NSI.dll
0x000007f912630000 - 0x000007f91267f000 	C:\Windows\SYSTEM32\cfgmgr32.dll
0x000007f912600000 - 0x000007f912622000 	C:\Windows\system32\DEVOBJ.dll
0x00000000647f0000 - 0x00000000647ff000 	C:\Program Files\Java\jdk1.8.0_191\jre\bin\verify.dll
0x00000000647c0000 - 0x00000000647e9000 	C:\Program Files\Java\jdk1.8.0_191\jre\bin\java.dll
0x00000000647a0000 - 0x00000000647b6000 	C:\Program Files\Java\jdk1.8.0_191\jre\bin\zip.dll
0x000007f913c80000 - 0x000007f914f65000 	C:\Windows\system32\SHELL32.dll
0x000007f913040000 - 0x000007f9131f0000 	C:\Windows\SYSTEM32\combase.dll
0x000007f9131f0000 - 0x000007f913240000 	C:\Windows\system32\SHLWAPI.dll
0x000007f910f20000 - 0x000007f910fb6000 	C:\Windows\SYSTEM32\SHCORE.dll
0x000007f912530000 - 0x000007f912545000 	C:\Windows\SYSTEM32\profapi.dll
0x00000000645c0000 - 0x0000000064759000 	C:\Program Files\Java\jdk1.8.0_191\jre\bin\awt.dll
0x000007f915550000 - 0x000007f915613000 	C:\Windows\system32\OLEAUT32.dll
0x000007f90d9c0000 - 0x000007f90da5e000 	C:\Windows\system32\apphelp.dll
0x000007f9113b0000 - 0x000007f911493000 	C:\Windows\system32\uxtheme.dll
0x000007f910d30000 - 0x000007f910d51000 	C:\Windows\SYSTEM32\dwmapi.dll
0x000007f912ec0000 - 0x000007f91303e000 	C:\Windows\system32\ole32.dll
0x000007f912370000 - 0x000007f91237a000 	C:\Windows\SYSTEM32\CRYPTBASE.dll
0x000007f912310000 - 0x000007f91236d000 	C:\Windows\SYSTEM32\bcryptPrimitives.dll
0x0000000064540000 - 0x0000000064587000 	C:\Program Files\Java\jdk1.8.0_191\jre\bin\fontmanager.dll
0x000007f900ad0000 - 0x000007f900bef000 	C:\Windows\system32\opengl32.dll
0x000007f9049e0000 - 0x000007f904a0c000 	C:\Windows\SYSTEM32\GLU32.dll
0x000007f903210000 - 0x000007f9032fa000 	C:\Windows\SYSTEM32\DDRAW.dll
0x000007f90f8d0000 - 0x000007f90f8d8000 	C:\Windows\SYSTEM32\DCIMAN32.dll
0x000007f8ffd60000 - 0x000007f8fff60000 	C:\Windows\system32\d3d9.dll
0x000007f90fb00000 - 0x000007f90fc4b000 	C:\Windows\SYSTEM32\aticfx64.dll
0x000007f904da0000 - 0x000007f904dc1000 	C:\Windows\SYSTEM32\atiu9p64.dll
0x000007f8f3980000 - 0x000007f8f4121000 	C:\Windows\SYSTEM32\atiumd64.dll
0x0000000062100000 - 0x0000000062837000 	C:\Windows\SYSTEM32\atiumd6a.dll
0x000007f913a40000 - 0x000007f913ad6000 	C:\Windows\SYSTEM32\clbcatq.dll
0x000007f910490000 - 0x000007f910623000 	C:\Windows\SYSTEM32\WindowsCodecs.dll
0x0000000064780000 - 0x000000006479a000 	C:\Program Files\Java\jdk1.8.0_191\jre\bin\net.dll
0x000007f911d80000 - 0x000007f911ddc000 	C:\Windows\system32\mswsock.dll
0x0000000064760000 - 0x0000000064771000 	C:\Program Files\Java\jdk1.8.0_191\jre\bin\nio.dll
0x00000000644f0000 - 0x0000000064532000 	C:\Program Files\Java\jdk1.8.0_191\jre\bin\t2k.dll

VM Arguments:
jvm_args: -Dfile.encoding=UTF-8 
java_command: Gestion_acces
java_class_path (initial): D:\logicel\mysql-connector-java-8.0.19.zip;D:\Application_Almin;C:\Program Files\NetBeans 8.0.1\ide\modules\ext\mysql-connector-java-5.1.23-bin.jar;C:\Program Files\NetBeans 8.0.1\java\modules\ext\beansbinding-1.2.1.jar;D:\Application_Almin\build\classes
Launcher Type: SUN_STANDARD

Environment Variables:
PATH=C:\Program Files (x86)\Common Files\Oracle\Java\javapath;C:\ProgramData\Oracle\Java\javapath;C:\Windows\system32;C:\Windows;C:\Windows\System32\Wbem;C:\Windows\System32\WindowsPowerShell\v1.0\;H:\wamp\bin\php\php5.5.12
USERNAME=awa
OS=Windows_NT
PROCESSOR_IDENTIFIER=AMD64 Family 20 Model 2 Stepping 0, AuthenticAMD



---------------  S Y S T E M  ---------------

OS: Windows 8 , 64 bit Build 9200 (6.2.9200.16859)

CPU:total 2 (initial active 2) (2 cores per cpu, 1 threads per core) family 20 model 2 stepping 0, cmov, cx8, fxsr, mmx, sse, sse2, sse3, ssse3, popcnt, mmxext, lzcnt, sse4a, tsc, tscinvbit, tscinv

Memory: 4k page, physical 3776884k(567436k free), swap 11968884k(5516k free)

vm_info: Java HotSpot(TM) 64-Bit Server VM (25.191-b12) for windows-amd64 JRE (1.8.0_191-b12), built on Oct  6 2018 09:29:03 by "java_re" with MS VC++ 10.0 (VS2010)

time: Mon May 11 15:53:24 2020
elapsed time: 4 seconds (0d 0h 0m 4s)

