JvmtiExport can_access_local_variables 0
JvmtiExport can_hotswap_or_post_breakpoint 0
JvmtiExport can_post_on_exceptions 0
# 300 ciObject found
ciMethod java/lang/Object <init> ()V 4097 1 41047 0 -1
ciMethod java/lang/Object hashCode ()I 2049 1 256 0 -1
ciMethod java/lang/String <init> ([CII)V 2049 1 5683 0 -1
ciMethod java/lang/String length ()I 4097 1 21020 0 -1
ciMethod java/lang/String equals (Ljava/lang/Object;)Z 3113 13017 2578 0 -1
ciMethod java/lang/String startsWith (Ljava/lang/String;I)Z 2433 4569 5402 0 -1
ciMethod java/lang/String startsWith (Ljava/lang/String;)Z 2057 1 2277 0 -1
ciMethod java/lang/String hashCode ()I 2769 32769 1795 0 -1
ciMethod java/lang/String indexOf (I)I 2089 1 4858 0 -1
ciMethod java/lang/String indexOf (II)I 1417 42673 1015 0 -1
ciMethod java/lang/String substring (I)Ljava/lang/String; 2257 1 1124 0 -1
ciMethod java/lang/String substring (II)Ljava/lang/String; 3073 1 3659 0 -1
ciMethod java/lang/String split (Ljava/lang/String;I)[Ljava/lang/String; 329 185 41 0 -1
ciMethod java/lang/String split (Ljava/lang/String;)[Ljava/lang/String; 329 1 41 0 -1
ciMethod java/lang/String trim ()Ljava/lang/String; 3073 1 393 0 -1
ciMethod java/lang/ref/Reference get ()Ljava/lang/Object; 1073 1 134 0 -1
ciMethod java/util/Map containsKey (Ljava/lang/Object;)Z 0 0 1 0 -1
ciMethod java/util/Map get (Ljava/lang/Object;)Ljava/lang/Object; 0 0 1 0 -1
ciMethod java/util/Map put (Ljava/lang/Object;Ljava/lang/Object;)Ljava/lang/Object; 0 0 1 0 -1
ciMethod java/util/Map putAll (Ljava/util/Map;)V 0 0 1 0 -1
ciMethod java/util/Map keySet ()Ljava/util/Set; 0 0 1 0 -1
ciMethod java/util/Hashtable keySet ()Ljava/util/Set; 0 0 1 0 -1
ciMethod java/lang/AbstractStringBuilder <init> (I)V 681 1 2748 0 -1
ciMethod java/lang/AbstractStringBuilder append (Ljava/lang/String;)Ljava/lang/AbstractStringBuilder; 1129 1 4846 0 -1
ciMethod java/lang/StringBuilder <init> ()V 673 1 1784 0 -1
ciMethod java/lang/StringBuilder append (Ljava/lang/String;)Ljava/lang/StringBuilder; 1129 1 4640 0 -1
ciMethod java/lang/StringBuilder toString ()Ljava/lang/String; 673 1 2131 0 -1
ciMethod java/lang/Boolean booleanValue ()Z 1041 1 130 0 -1
ciMethod java/lang/Number <init> ()V 3361 1 1984 0 -1
ciMethod java/lang/Integer valueOf (I)Ljava/lang/Integer; 2049 1 1394 0 -1
ciMethod java/lang/Integer <init> (I)V 2993 1 1018 0 -1
ciMethod java/lang/Integer intValue ()I 1089 1 136 0 -1
ciMethod java/lang/NullPointerException <init> ()V 0 0 1 0 -1
ciMethod java/util/List size ()I 0 0 1 0 -1
ciMethod java/util/List iterator ()Ljava/util/Iterator; 0 0 1 0 -1
ciMethod java/util/List toArray ([Ljava/lang/Object;)[Ljava/lang/Object; 0 0 1 0 -1
ciMethod java/util/List add (Ljava/lang/Object;)Z 0 0 1 0 -1
ciMethod java/util/List sort (Ljava/util/Comparator;)V 0 0 1 0 -1
ciMethod java/util/AbstractList <init> ()V 2073 1 1258 0 -1
ciMethod java/util/AbstractCollection <init> ()V 2049 1 1698 0 -1
ciMethod java/util/ArrayList <init> ()V 2065 1 289 0 -1
ciMethod java/util/ArrayList calculateCapacity ([Ljava/lang/Object;I)I 2065 1 1584 0 -1
ciMethod java/util/ArrayList ensureCapacityInternal (I)V 2057 1 1584 0 -1
ciMethod java/util/ArrayList ensureExplicitCapacity (I)V 2081 1 1584 0 -1
ciMethod java/util/ArrayList grow (I)V 337 1 278 0 -1
ciMethod java/util/ArrayList size ()I 1081 1 135 0 -1
ciMethod java/util/ArrayList toArray ([Ljava/lang/Object;)[Ljava/lang/Object; 929 1 116 0 -1
ciMethod java/util/ArrayList add (Ljava/lang/Object;)Z 3081 1 1564 0 -1
ciMethod java/util/ArrayList iterator ()Ljava/util/Iterator; 2233 1 409 0 -1
ciMethod java/util/ArrayList sort (Ljava/util/Comparator;)V 449 1 56 0 -1
ciMethod java/util/Collections sort (Ljava/util/List;Ljava/util/Comparator;)V 97 1 12 0 -1
ciMethod java/util/Collections synchronizedSet (Ljava/util/Set;Ljava/lang/Object;)Ljava/util/Set; 25 1 3 0 -1
ciMethod java/util/Set iterator ()Ljava/util/Iterator; 0 0 1 0 -1
ciMethod java/util/AbstractMap <init> ()V 2073 1 874 0 -1
ciMethod java/util/HashMap hash (Ljava/lang/Object;)I 2049 1 17219 0 -1
ciMethod java/util/HashMap <init> ()V 1889 1 395 0 -1
ciMethod java/util/HashMap get (Ljava/lang/Object;)Ljava/lang/Object; 2433 1 7558 0 -1
ciMethod java/util/HashMap getNode (ILjava/lang/Object;)Ljava/util/HashMap$Node; 2073 17 6472 0 -1
ciMethod java/util/HashMap containsKey (Ljava/lang/Object;)Z 2185 1 2718 0 -1
ciMethod java/util/HashMap put (Ljava/lang/Object;Ljava/lang/Object;)Ljava/lang/Object; 2273 1 5526 0 -1
ciMethod java/util/HashMap putVal (ILjava/lang/Object;Ljava/lang/Object;ZZ)Ljava/lang/Object; 2121 113 8111 0 -1
ciMethod java/lang/Math max (II)I 473 1 2461 0 -1
ciMethod java/util/Collections$SynchronizedSet <init> (Ljava/util/Set;Ljava/lang/Object;)V 25 1 3 0 -1
ciMethod java/util/Collections$SynchronizedCollection <init> (Ljava/util/Collection;Ljava/lang/Object;)V 33 1 4 0 -1
ciMethod java/util/Objects requireNonNull (Ljava/lang/Object;)Ljava/lang/Object; 2089 1 1444 0 -1
ciMethod java/util/Iterator hasNext ()Z 0 0 1 0 -1
ciMethod java/util/Iterator next ()Ljava/lang/Object; 0 0 1 0 -1
ciMethodData java/lang/Object <init> ()V 2 41047 orig 264 88 131 240 100 0 0 0 0 128 4 110 20 0 0 0 0 32 1 0 0 0 0 0 0 0 0 0 0 0 0 0 0 0 0 0 0 0 0 0 0 0 0 0 0 0 0 0 0 0 0 0 0 0 0 0 0 0 0 0 0 0 0 0 0 0 0 0 0 0 0 0 0 0 0 0 0 0 0 0 0 77 68 79 32 101 120 116 114 97 32 100 97 116 97 32 108 111 99 107 0 0 0 0 0 0 0 0 0 0 0 0 0 0 0 0 0 0 0 0 0 0 0 0 0 0 0 0 0 0 0 0 0 0 0 0 0 0 0 0 0 0 0 0 0 0 0 0 0 0 0 0 0 0 0 0 0 0 0 0 0 0 0 0 0 0 0 0 0 0 0 0 0 0 0 0 0 0 0 0 0 0 0 0 0 0 0 0 0 0 0 0 0 0 0 0 0 0 0 0 0 0 0 0 0 0 0 0 0 0 0 0 0 0 0 0 0 0 2 0 0 185 242 4 0 1 0 0 0 0 0 0 0 0 0 0 0 2 0 0 0 0 0 3 0 1 0 0 0 0 0 0 0 255 255 255 255 0 0 0 0 0 0 0 0 data 0 oops 0
ciMethodData java/lang/String hashCode ()I 2 20817 orig 264 88 131 240 100 0 0 0 0 184 79 110 20 0 0 0 0 152 1 0 0 32 0 0 0 0 0 0 0 0 0 0 0 0 0 0 0 0 0 0 0 0 0 0 0 0 0 0 0 0 0 0 0 0 0 0 0 0 0 0 0 0 0 0 0 0 0 0 0 0 0 0 0 0 0 0 0 0 0 0 0 77 68 79 32 101 120 116 114 97 32 100 97 116 97 32 108 111 99 107 0 0 0 0 0 0 0 0 0 0 0 0 0 0 0 0 0 0 0 0 0 0 0 0 0 0 0 0 0 0 0 0 0 0 0 0 0 0 0 0 0 0 0 0 0 0 0 0 0 0 0 0 0 0 0 0 0 0 0 0 0 0 0 0 0 0 0 0 0 0 0 0 0 0 0 0 0 0 0 0 0 0 0 0 0 0 0 0 0 0 0 0 0 0 0 0 0 0 0 0 0 0 0 0 0 0 0 0 0 0 0 0 0 0 0 0 0 0 16 0 0 73 45 0 0 137 10 2 0 0 0 0 0 0 0 0 0 2 0 0 0 1 0 11 0 2 0 0 0 120 0 0 0 255 255 255 255 7 0 6 0 0 0 0 0 data 15 0x60007 0x362 0x78 0x247 0xe0007 0x7 0x58 0x240 0x1e0007 0x240 0x38 0x4135 0x2d0003 0x4135 0xffffffffffffffe0 oops 0